-- -*- M2-comint -*- hash: 11766660079572042236

i1 : SchPblm = randomSchubertProblemInstance ({{1},{1},{1},{1}},2,4)

o1 = {({1}, | .781262-.624203ii  -.462954-.886382ii -.272832+.962062ii
            | .9868+.161945ii    -.219207-.975678ii .778029-.628229ii 
            | -.971549+.236839ii .157598-.987503ii  .841103-.540875ii 
            | .893324+.449414ii  .360485-.932765ii  -.651048+.759036ii
     ------------------------------------------------------------------------
     -.670948-.741504ii |), ({1}, | .696205+.717843ii  -.0281556+.999604ii
     .118767+.992922ii  |         | -.58234+.812945ii  -.924052-.382267ii 
     -.396553+.918012ii |         | .486335-.873772ii  -.970803-.23988ii  
     -.272372-.962192ii |         | -.783999-.620762ii .577597-.816322ii  
     ------------------------------------------------------------------------
     -.0562287-.998418ii .776937+.629579ii  |), ({1}, | -.746312-.665596ii
     .023444+.999725ii   .570649+.821194ii  |         | -.936289-.351232ii
     .701149-.713015ii   -.863646+.504099ii |         | -.164243+.98642ii 
     .357971+.933733ii   -.820726+.571321ii |         | .85817-.513365ii  
     ------------------------------------------------------------------------
     .995687+.092774ii .168661+.985674ii  -.765803+.643076ii |), ({1}, |
     .701342-.712825ii -.286823-.957983ii -.415126-.909764ii |         |
     -.78761-.616174ii .976163-.21704ii   -.416188-.909278ii |         |
     .759918-.650019ii .482783+.87574ii   .975922-.218119ii  |         |
     ------------------------------------------------------------------------
     .918399+.395655ii  .719639-.694348ii  .9772+.212322ii   
     .58629+.810101ii   -.554833-.831962ii .454813+.890587ii 
     -.590887+.806754ii -.726792+.686857ii .0800129+.996794ii
     -.939129+.343564ii -.616052-.787706ii .339065+.940763ii 
     ------------------------------------------------------------------------
     -.998741-.0501734ii |)}
     -.698649-.715464ii  |
     .742918+.669382ii   |
     -.99319-.116506ii   |

o1 : List

i2 : setVerboseLevel 0;

i3 : S = solveSchubertProblem(SchPblm,2,4)

o3 = {| -1.65573-.600637ii .0201935+.0437095ii   |, | -.154703+.175591ii 
      | -1.23037-1.66989ii -.0308057-.00120618ii |  | -.801221-.0354303ii
      | 1.35971-.743988ii  -.0713133-.049047ii   |  | .325581-2.08048ii  
      | -.397038-1.8974ii  .0102261-.024397ii    |  | -.475895-.209388ii 
     ------------------------------------------------------------------------
     .0376857+.0683239ii   |}
     -.00368075+.0317504ii |
     -.0350432-.250817ii   |
     -.0336427+.0141017ii  |

o3 : List

i4 : assert all(S,s->checkIncidenceSolution(s,SchPblm))

i5 : setVerboseLevel 1; 

i6 : S = solveSchubertProblem(SchPblm,2,4)
-- playCheckers
-- cpu time = .0109853
-- making a recursive call to resolveNode
-- playCheckers
-- cpu time = .00400091
-- making a recursive call to resolveNode
-- playCheckers
-- cpu time = .00100066
resolveNode reached node of no remaining conditions
-- time to make equations: .00499959
Setup time: 0
Computing time:0
 -- trackHomotopy time = .00570243 sec. for [{0, 1, 2, 3}, {0, infinity, 2, infinity}]
-- time of performing one checker move: .0159995
-- time of performing one checker move: .000999811
-- time of performing one checker move: .000999681
-- time to make equations: .00499988
Setup time: 0
Computing time:0
 -- trackHomotopy time = .0295184 sec. for [{1, 2, 3, 0}, {1, infinity, infinity, 2}]
-- time of performing one checker move: .196997
-- time to make equations: .00500053
Setup time: 0
Computing time:0
 -- trackHomotopy time = .00602776 sec. for [{1, 3, 2, 0}, {1, infinity, infinity, 2}]
-- time of performing one checker move: .0160007
-- time to make equations: .00600012
Setup time: 0
Computing time:0
 -- trackHomotopy time = .00595454 sec. for [{2, 3, 1, 0}, {2, infinity, infinity, 1}]
-- time of performing one checker move: .0159997
-- time to make equations: .170913
Setup time: 0
Computing time:0
 -- trackHomotopy time = .00692619 sec. for [{0, 1, 2, 3}, {infinity, 1, 2, infinity}]
-- time of performing one checker move: .183914
-- time to make equations: .0119998
Setup time: 0
Computing time:0
 -- trackHomotopy time = .00723693 sec. for [{0, 1, 3, 2}, {infinity, 1, infinity, 2}]
-- time of performing one checker move: .182283
-- time of performing one checker move: .00099989
-- time of performing one checker move: .000999771
-- time to make equations: .0109995
Setup time: 0
Computing time:0
 -- trackHomotopy time = .00692467 sec. for [{1, 3, 2, 0}, {infinity, 3, infinity, 1}]
-- time of performing one checker move: .0230001
-- making a recursive call to resolveNode
-- playCheckers
-- cpu time = .00498282
-- making a recursive call to resolveNode
-- playCheckers
-- cpu time = .000999721
resolveNode reached node of no remaining conditions
-- time to make equations: .167022
Setup time: 0
Computing time:0
 -- trackHomotopy time = .00594482 sec. for [{0, 1, 2, 3}, {0, infinity, 2, infinity}]
-- time of performing one checker move: .178023
-- time of performing one checker move: .000999351
-- time to make equations: .00499974
Setup time: 0
Computing time:0
 -- trackHomotopy time = .00596614 sec. for [{0, 2, 3, 1}, {0, infinity, infinity, 2}]
-- time of performing one checker move: .0160006
-- time of performing one checker move: .00199911
-- time of performing one checker move: .00100014
-- time of performing one checker move: .0010001
-- time of performing one checker move: .00200083
-- time of performing one checker move: .000999761
-- time of performing one checker move: .155392
-- time of performing one checker move: .00200002
-- time to make equations: .0109989
Setup time: 0
Computing time:0
 -- trackHomotopy time = .00714963 sec. for [{1, 3, 2, 0}, {1, infinity, infinity, 3}]
-- time of performing one checker move: .0239992
-- time of performing one checker move: .00300012

o6 = {| -1.65573-.600637ii .0201935+.0437095ii   |, | -.154703+.175591ii 
      | -1.23037-1.66989ii -.0308057-.00120618ii |  | -.801221-.0354303ii
      | 1.35971-.743988ii  -.0713133-.049047ii   |  | .325581-2.08048ii  
      | -.397038-1.8974ii  .0102261-.024397ii    |  | -.475895-.209388ii 
     ------------------------------------------------------------------------
     .0376857+.0683239ii   |}
     -.00368075+.0317504ii |
     -.0350432-.250817ii   |
     -.0336427+.0141017ii  |

o6 : List

i7 : assert all(S,s->checkIncidenceSolution(s,SchPblm))

i8 : 
