-- -*- M2-comint -*- hash: 12443373955151764050
-- warning: source code version: version-1.14.0.1-10750-gb7aabc663 != executable version 1.25.06

i1 : R = CC[x,y];

i2 : F = {x^2-2,y^2-2};

i3 : W = bertiniZeroDimSolve (F)

o3 = {{1.41421, 1.41421}, {1.41421, -1.41421}, {-1.41421, 1.41421},
     ------------------------------------------------------------------------
     {-1.41421, -1.41421}}

o3 : List

i4 : S = bertiniRefineSols (100,W)

o4 = {{1.41421, 1.41421}, {1.41421, -1.41421}, {-1.41421, 1.41421},
     ------------------------------------------------------------------------
     {-1.41421, -1.41421}}

o4 : List

i5 : coords = coordinates S_0

o5 = {1.41421, 1.41421}

o5 : List

i6 : coords_0

o6 = 1.4142135623730950488016887242096980785696718753769480731766797379907324
     784621070388503875343276415727

o6 : CC (of precision 333)

i7 : 
