-- -*- M2-comint -*- hash: 713363350566806638
-- warning: source code version: version-1.14.0.1-10750-gb7aabc663 != executable version 1.25.06

i1 : R=QQ[x1,x2,y]

o1 = R

o1 : PolynomialRing

i2 : theDir = temporaryFileName();

i3 : makeDirectory theDir

o3 = /var/folders/f4/54tv_3013gbcdz5jqk69txhm0000gn/T/M2-83605-0/1

i4 : makeB'InputFile(theDir,
             BertiniInputConfiguration=>{MPType=>2},
         AffVariableGroup=>{{x1,x2},{y}},
             B'Polynomials=>{y*(x1+x2+1)^2+1,x1-x2+1,y-2});

i5 : R=QQ[x1,x2,y,X]

o5 = R

o5 : PolynomialRing

i6 : makeB'InputFile(theDir,
             BertiniInputConfiguration=>{MPType=>2},
         AffVariableGroup=>{{x1,x2},{y}},
             NamePolynomials=>{f1,f2,f3},
             B'Functions=>{
            {X,x1+x2+1},
            {f1,y*X^2+1},
            {f2,x1-x2+1},
            {f3,y-2}});

i7 : R=QQ[x1,x2,y,X]

o7 = R

o7 : PolynomialRing

i8 : makeB'InputFile(theDir,
              BertiniInputConfiguration=>{MPype=>2},
          AffVariableGroup=>{{x1,x2},{y}},
               B'Polynomials=>{y*X^2+1,x1-x2+1,y-2},
                B'Functions=>{
                   {X,x1+x2+1}});

i9 : 
