-- -*- M2-comint -*- hash: 4847554454883991115
-- warning: source code version: version-1.14.0.1-10750-gb7aabc663 != executable version 1.25.06

i1 : s=makeB'Section({x,y,z})

o1 = B'Section{...2...}

o1 : B'Section

i2 : class s

o2 = B'Section

o2 : Type

i3 : randomRealCoefficientGenerator=()->random(RR)

o3 = randomRealCoefficientGenerator

o3 : FunctionClosure

i4 : sReal=makeB'Section({x,y,z},RandomCoefficientGenerator=>randomRealCoefficientGenerator)

o4 = B'Section{...2...}

o4 : B'Section

i5 : sReal#B'NumberCoefficients

o5 = {.0741835, .808694, .362835}

o5 : List

i6 : randomRationalCoefficientGenerator=()->random(QQ)

o6 = randomRationalCoefficientGenerator

o6 : FunctionClosure

i7 : sRational=makeB'Section({x,y,z},RandomCoefficientGenerator=>randomRationalCoefficientGenerator)

o7 = B'Section{...2...}

o7 : B'Section

i8 : sRational#B'NumberCoefficients

       7   7  7
o8 = {--, --, -}
      10  10  3

o8 : List

i9 : affineSection=makeB'Section({x,y,z,1})

o9 = B'Section{...2...}

o9 : B'Section

i10 : X={x,y,z}

o10 = {x, y, z}

o10 : List

i11 : P={1,2,3}

o11 = {1, 2, 3}

o11 : List

i12 : affineContainingPoint=makeB'Section({x,y,z},ContainsPoint=>P)

o12 = B'Section{...3...}

o12 : B'Section

i13 : r= affineContainingPoint#B'SectionString

o13 = (.849539-.106572*ii)*(x-(1)*(1))+(.307137+.911684*ii)*(y-(1)*(2
      ))+(.0156326-.285432*ii)*(z-(1)*(3))

i14 : print r
(.849539-.106572*ii)*(x-(1)*(1))+(.307137+.911684*ii)*(y-(1)*(2))+(.0156326-.285432*ii)*(z-(1)*(3))

i15 : rHomogeSection= makeB'Section({x,y,z},ContainsPoint=>P,B'Homogenization=>"x+y+z")

o15 = B'Section{...3...}

o15 : B'Section

i16 : peek rHomogeSection

o16 = B'Section{B'Homogenization => x+y+z                            
                B'NumberCoefficients => {-.175945+.411267*ii, -.97539
                B'SectionString => (-.175945+.411267*ii)*(x-(x+y+z)*(
      -----------------------------------------------------------------------
                                                                             
      +.132106*ii, .041601+.946255*ii}
      1))+(-.97539+.132106*ii)*(y-(x+y+z)*(2))+(.041601+.946255*ii)*(z-(x+y+z
      -----------------------------------------------------------------------
            }

      )*(3))

i17 : print rHomogeSection#B'SectionString
(-.175945+.411267*ii)*(x-(x+y+z)*(1))+(-.97539+.132106*ii)*(y-(x+y+z)*(2))+(.041601+.946255*ii)*(z-(x+y+z)*(3))

i18 : f="y^3-x*y+1"

o18 = y^3-x*y+1

i19 : s1=makeB'Section({x,y,1})

o19 = B'Section{...2...}

o19 : B'Section

i20 : makeB'InputFile(storeBM2Files,
        AffVariableGroup=>{x,y},
        B'Polynomials=>{f,s1});

i21 : runBertini(storeBM2Files)

i22 : #importSolutionsFile(storeBM2Files)==3

o22 = true

i23 : 
